[18:10:15] [main/INFO]: Loading tweak class name cpw.mods.fml.common.launcher.FMLTweaker
[18:10:15] [main/INFO]: Using primary tweak class name cpw.mods.fml.common.launcher.FMLTweaker
[18:10:15] [main/INFO]: Calling tweak class cpw.mods.fml.common.launcher.FMLTweaker
[18:10:15] [main/INFO]: Forge Mod Loader version 7.2.211.1121 for Minecraft 1.7.2 loading
[18:10:15] [main/INFO]: Java is Java HotSpot(TM) 64-Bit Server VM, version 1.7.0_60, running on Windows 8.1:amd64:6.3, installed at C:\Program Files\Java\jdk1.7.0_60\jre
[18:10:15] [main/INFO]: Managed to load a deobfuscated Minecraft name- we are in a deobfuscated environment. Skipping runtime deobfuscation
[18:10:15] [main/INFO]: Loading tweak class name cpw.mods.fml.common.launcher.FMLInjectionAndSortingTweaker
[18:10:15] [main/INFO]: Loading tweak class name cpw.mods.fml.common.launcher.FMLDeobfTweaker
[18:10:15] [main/INFO]: Calling tweak class cpw.mods.fml.common.launcher.FMLInjectionAndSortingTweaker
[18:10:15] [main/INFO]: Calling tweak class cpw.mods.fml.common.launcher.FMLInjectionAndSortingTweaker
[18:10:15] [main/INFO]: Calling tweak class cpw.mods.fml.relauncher.CoreModManager$FMLPluginWrapper
[18:10:16] [main/ERROR]: The binary patch set is missing. Either you are in a development environment, or things are not going to work!
[18:10:16] [main/ERROR]: The minecraft jar file:/C:/Users/Zacharias/.gradle/caches/minecraft/net/minecraftforge/forge/1.7.2-10.12.2.1121/forgeSrc-1.7.2-10.12.2.1121.jar!/net/minecraft/client/ClientBrandRetriever.class appears to be corrupt! There has been CRITICAL TAMPERING WITH MINECRAFT, it is highly unlikely minecraft will work! STOP NOW, get a clean copy and try again!
[18:10:16] [main/ERROR]: FML has been ordered to ignore the invalid or missing minecraft certificate. This is very likely to cause a problem!
[18:10:16] [main/ERROR]: Technical information: ClientBrandRetriever was at jar:file:/C:/Users/Zacharias/.gradle/caches/minecraft/net/minecraftforge/forge/1.7.2-10.12.2.1121/forgeSrc-1.7.2-10.12.2.1121.jar!/net/minecraft/client/ClientBrandRetriever.class, there were 0 certificates for it
[18:10:16] [main/ERROR]: FML appears to be missing any signature data. This is not a good thing
[18:10:16] [main/INFO]: Calling tweak class cpw.mods.fml.relauncher.CoreModManager$FMLPluginWrapper
[18:10:16] [main/INFO]: Calling tweak class cpw.mods.fml.common.launcher.FMLDeobfTweaker
[18:10:17] [main/INFO]: Launching wrapped minecraft {net.minecraft.client.main.Main}
[18:10:18] [main/INFO]: Setting user: ForgeDevName
